#
# A fatal error has been detected by the Java Runtime Environment:
#
#  SIGSEGV (0xb) at pc=0x0000000110ecec72, pid=14854, tid=20255
#
# JRE version: Java(TM) SE Runtime Environment (8.0_31-b13) (build 1.8.0_31-b13)
# Java VM: Java HotSpot(TM) 64-Bit Server VM (25.31-b07 mixed mode bsd-amd64 compressed oops)
# Problematic frame:
# V  [libjvm.dylib+0x4cec72]  SignatureIterator::expect(char)+0x14
#
# Failed to write core dump. Core dumps have been disabled. To enable core dumping, try "ulimit -c unlimited" before starting Java again
#
# If you would like to submit a bug report, please visit:
#   http://bugreport.java.com/bugreport/crash.jsp
#

---------------  T H R E A D  ---------------

Current thread (0x00007fbf548db800):  JavaThread "Daemon worker Thread 8" [_thread_in_vm, id=20255, stack(0x0000000128ff3000,0x00000001290f3000)]

siginfo: si_signo: 11 (SIGSEGV), si_code: 1 (SEGV_MAPERR), si_addr: 0x0000000000000008

Registers:
RAX=0x0000000000000000, RBX=0x00000001290f1048, RCX=0x0000000000000000, RDX=0x000000012091f000
RSP=0x00000001290f0f00, RBP=0x00000001290f1010, RSI=0x0000000000000028, RDI=0x00000001290f1048
R8 =0x0000000000000000, R9 =0x0000000000000006, R10=0x00000001112ac610, R11=0x0000000111a314c0
R12=0x00000001290f1160, R13=0x0000000128c6e20a, R14=0x00000001290f1048, R15=0x0000000000000000
RIP=0x0000000110ecec72, EFLAGS=0x0000000000010206, ERR=0x0000000000000004
  TRAPNO=0x000000000000000e

Top of Stack: (sp=0x00000001290f0f00)
0x00000001290f0f00:   00007fbf548db800 00000001290f0ff0
0x00000001290f0f10:   000000012365a3a8 00000001290f11a0
0x00000001290f0f20:   00000001290f1090 0000000110d09906
0x00000001290f0f30:   00007fbf50693178 00000002290f1190
0x00000001290f0f40:   00007fbf548db9e8 00000001290f11a0
0x00000001290f0f50:   00000007801529d8 00000007ab367d18
0x00000001290f0f60:   00000007801529d8 00000001290f1050
0x00000001290f0f70:   000000012365a3a8 00000001290f1200
0x00000001290f0f80:   00000001290f10f0 0000000110010106
0x00000001290f0f90:   00007fbf50693178 0000000129010148
0x00000001290f0fa0:   00000001290f0f89 00000001290f0f58
0x00000001290f0fb0:   00000001290f0f99 0000000800000002
0x00000001290f0fc0:   00007fbf52c09f00 00007fbf52c07c20
0x00000001290f0fd0:   00007fbf52c09f10 00007fbf52c09f20
0x00000001290f0fe0:   00007fbf52c0a2f8 00000000000003d8
0x00000001290f0ff0:   00000001111e40b0 0000000123e84050
0x00000001290f1000:   00000001290f1050 00000001290f1048
0x00000001290f1010:   00000001290f1030 0000000110ecede7
0x00000001290f1020:   00000001290f1160 00000001290f1048
0x00000001290f1030:   00000001290f1080 0000000110c3ac01
0x00000001290f1040:   00000001290f1060 00000001111d5c60
0x00000001290f1050:   0000000000000000 0000000000000000
0x00000001290f1060:   0000000000000063 0000000100000000
0x00000001290f1070:   00007fbf548db800 0000000128c6e228
0x00000001290f1080:   00000001290f12d0 0000000110cce65f
0x00000001290f1090:   00000001290f1220 0000000110cf9dc6
0x00000001290f10a0:   00007fbf548db800 000000b6548db800
0x00000001290f10b0:   0000000128c6e20a 00007fbf000000b6
0x00000001290f10c0:   0000000128c6e228 00007fbf548db800
0x00000001290f10d0:   00007fbf52c07c20 00007fbf52c09f10
0x00000001290f10e0:   00007fbf52c09f20 00007fbf52c0a2f8
0x00000001290f10f0:   00000000000003d8 0000000110cf9dc6 

Instructions: (pc=0x0000000110ecec72)
0x0000000110ecec52:   df 48 83 c4 08 5b 5d e9 7c ff ff ff 55 48 89 e5
0x0000000110ecec62:   53 48 81 ec 08 01 00 00 48 63 47 10 48 8b 4f 08
0x0000000110ecec72:   40 38 74 01 08 48 89 fb 74 39 40 0f be d6 48 8d
0x0000000110ecec82:   bd f0 fe ff ff 48 8d 35 d9 8a 10 00 30 c0 e8 23 

Register to memory mapping:

RAX=0x0000000000000000 is an unknown value
RBX=0x00000001290f1048 is pointing into the stack for thread: 0x00007fbf548db800
RCX=0x0000000000000000 is an unknown value
RDX=0x000000012091f000 is an unknown value
RSP=0x00000001290f0f00 is pointing into the stack for thread: 0x00007fbf548db800
RBP=0x00000001290f1010 is pointing into the stack for thread: 0x00007fbf548db800
RSI=0x0000000000000028 is an unknown value
RDI=0x00000001290f1048 is pointing into the stack for thread: 0x00007fbf548db800
R8 =0x0000000000000000 is an unknown value
R9 =0x0000000000000006 is an unknown value
R10=0x00000001112ac610: _ZN19TemplateInterpreter13_active_tableE+0x3800 in /Library/Java/JavaVirtualMachines/jdk1.8.0_31.jdk/Contents/Home/jre/lib/server/libjvm.dylib at 0x0000000110a00000
R11=0x0000000111a314c0 is at entry_point+32 in (nmethod*)0x0000000111a31350
R12=0x00000001290f1160 is pointing into the stack for thread: 0x00007fbf548db800
R13=0x0000000128c6e20a is pointing into metadata
R14=0x00000001290f1048 is pointing into the stack for thread: 0x00007fbf548db800
R15=0x0000000000000000 is an unknown value


Stack: [0x0000000128ff3000,0x00000001290f3000],  sp=0x00000001290f0f00,  free space=1015k
Native frames: (J=compiled Java code, j=interpreted, Vv=VM code, C=native code)
V  [libjvm.dylib+0x4cec72]  SignatureIterator::expect(char)+0x14
V  [libjvm.dylib+0x4cede7]  SignatureIterator::iterate_parameters()+0x25
V  [libjvm.dylib+0x23ac01]  frame::interpreter_callee_receiver_addr(Symbol*)+0x47
V  [libjvm.dylib+0x2ce65f]  InterpreterRuntime::resolve_invoke(JavaThread*, Bytecodes::Code)+0x1b7
j  sun.net.www.MimeTable.getContentTypeFor(Ljava/lang/String;)Ljava/lang/String;+2
j  java.net.URLConnection$1.getContentTypeFor(Ljava/lang/String;)Ljava/lang/String;+5
j  sun.net.www.protocol.file.FileURLConnection.initializeHeaders()V+72
j  sun.net.www.protocol.file.FileURLConnection.getHeaderField(Ljava/lang/String;)Ljava/lang/String;+1
j  sun.net.www.URLConnection.getContentType()Ljava/lang/String;+11
j  org.gradle.internal.resource.UriResource.getInputStream(Ljava/net/URI;)Ljava/io/Reader;+22
j  org.gradle.internal.resource.UriResource.getText()Ljava/lang/String;+46
j  org.gradle.configuration.ImportsScriptSource$ImportsResource.getText()Ljava/lang/String;+4
j  org.gradle.internal.resource.CachingResource.maybeFetch()V+12
j  org.gradle.internal.resource.CachingResource.getText()Ljava/lang/String;+1
j  org.gradle.groovy.scripts.internal.ShortCircuitEmptyScriptCompiler.compile(Lorg/gradle/groovy/scripts/ScriptSource;Ljava/lang/ClassLoader;Lorg/gradle/groovy/scripts/Transformer;Ljava/lang/Class;Lorg/codehaus/groovy/classgen/Verifier;)Ljava/lang/Class;+6
j  org.gradle.groovy.scripts.internal.CachingScriptClassCompiler.compile(Lorg/gradle/groovy/scripts/ScriptSource;Ljava/lang/ClassLoader;Lorg/gradle/groovy/scripts/Transformer;Ljava/lang/Class;Lorg/codehaus/groovy/classgen/Verifier;)Ljava/lang/Class;+71
j  org.gradle.groovy.scripts.DefaultScriptCompilerFactory$ScriptCompilerImpl.compile(Ljava/lang/Class;)Lorg/gradle/groovy/scripts/ScriptRunner;+24
j  org.gradle.configuration.DefaultScriptPluginFactory$ScriptPluginImpl.apply(Ljava/lang/Object;)V+257
j  org.gradle.configuration.DefaultInitScriptProcessor.process(Lorg/gradle/groovy/scripts/ScriptSource;Lorg/gradle/api/internal/GradleInternal;)V+55
j  org.gradle.initialization.InitScriptHandler.executeScripts(Lorg/gradle/api/internal/GradleInternal;)V+49
j  org.gradle.initialization.DefaultGradleLauncher.doBuildStages(Lorg/gradle/initialization/DefaultGradleLauncher$Stage;)V+8
j  org.gradle.initialization.DefaultGradleLauncher.doBuild(Lorg/gradle/initialization/DefaultGradleLauncher$Stage;)Lorg/gradle/BuildResult;+27
j  org.gradle.initialization.DefaultGradleLauncher.run()Lorg/gradle/BuildResult;+4
j  org.gradle.launcher.exec.InProcessBuildActionExecuter$DefaultBuildController.run()Lorg/gradle/api/internal/GradleInternal;+5
j  org.gradle.tooling.internal.provider.BuildModelAction.run(Lorg/gradle/initialization/BuildController;)Lorg/gradle/tooling/internal/provider/BuildActionResult;+15
j  org.gradle.tooling.internal.provider.BuildModelAction.run(Lorg/gradle/initialization/BuildController;)Ljava/lang/Object;+2
j  org.gradle.tooling.internal.provider.ConfiguringBuildAction.run(Lorg/gradle/initialization/BuildController;)Ljava/lang/Object;+15
j  org.gradle.launcher.exec.InProcessBuildActionExecuter.execute(Lorg/gradle/initialization/BuildAction;Lorg/gradle/initialization/BuildCancellationToken;Lorg/gradle/launcher/exec/BuildActionParameters;)Ljava/lang/Object;+19
j  org.gradle.launcher.exec.InProcessBuildActionExecuter.execute(Lorg/gradle/initialization/BuildAction;Lorg/gradle/initialization/BuildCancellationToken;Ljava/lang/Object;)Ljava/lang/Object;+7
j  org.gradle.launcher.daemon.server.exec.ExecuteBuild.doBuild(Lorg/gradle/launcher/daemon/server/exec/DaemonCommandExecution;Lorg/gradle/launcher/daemon/protocol/Build;)V+47
j  org.gradle.launcher.daemon.server.exec.BuildCommandOnly.execute(Lorg/gradle/launcher/daemon/server/exec/DaemonCommandExecution;)V+49
j  org.gradle.launcher.daemon.server.exec.DaemonCommandExecution.proceed()Z+28
j  org.gradle.launcher.daemon.server.exec.WatchForDisconnection.execute(Lorg/gradle/launcher/daemon/server/exec/DaemonCommandExecution;)V+19
j  org.gradle.launcher.daemon.server.exec.DaemonCommandExecution.proceed()Z+28
j  org.gradle.launcher.daemon.server.exec.ResetDeprecationLogger.execute(Lorg/gradle/launcher/daemon/server/exec/DaemonCommandExecution;)V+4
j  org.gradle.launcher.daemon.server.exec.DaemonCommandExecution.proceed()Z+28
j  org.gradle.launcher.daemon.server.exec.StartStopIfBuildAndStop.execute(Lorg/gradle/launcher/daemon/server/exec/DaemonCommandExecution;)V+34
j  org.gradle.launcher.daemon.server.exec.DaemonCommandExecution.proceed()Z+28
j  org.gradle.launcher.daemon.server.exec.ForwardClientInput$2.call()Ljava/lang/Void;+4
j  org.gradle.launcher.daemon.server.exec.ForwardClientInput$2.call()Ljava/lang/Object;+1
j  org.gradle.util.Swapper.swap(Ljava/lang/Object;Ljava/util/concurrent/Callable;)Ljava/lang/Object;+21
j  org.gradle.launcher.daemon.server.exec.ForwardClientInput.execute(Lorg/gradle/launcher/daemon/server/exec/DaemonCommandExecution;)V+63
j  org.gradle.launcher.daemon.server.exec.DaemonCommandExecution.proceed()Z+28
j  org.gradle.launcher.daemon.server.exec.LogToClient.doBuild(Lorg/gradle/launcher/daemon/server/exec/DaemonCommandExecution;Lorg/gradle/launcher/daemon/protocol/Build;)V+92
j  org.gradle.launcher.daemon.server.exec.BuildCommandOnly.execute(Lorg/gradle/launcher/daemon/server/exec/DaemonCommandExecution;)V+49
j  org.gradle.launcher.daemon.server.exec.DaemonCommandExecution.proceed()Z+28
j  org.gradle.launcher.daemon.server.exec.EstablishBuildEnvironment.doBuild(Lorg/gradle/launcher/daemon/server/exec/DaemonCommandExecution;Lorg/gradle/launcher/daemon/protocol/Build;)V+237
j  org.gradle.launcher.daemon.server.exec.BuildCommandOnly.execute(Lorg/gradle/launcher/daemon/server/exec/DaemonCommandExecution;)V+49
j  org.gradle.launcher.daemon.server.exec.DaemonCommandExecution.proceed()Z+28
j  org.gradle.launcher.daemon.server.exec.DaemonHygieneAction.execute(Lorg/gradle/launcher/daemon/server/exec/DaemonCommandExecution;)V+1
j  org.gradle.launcher.daemon.server.exec.DaemonCommandExecution.proceed()Z+28
j  org.gradle.launcher.daemon.server.exec.StartBuildOrRespondWithBusy$1.run()V+44
j  org.gradle.launcher.daemon.server.DaemonStateCoordinator$1.run()V+4
j  org.gradle.internal.concurrent.DefaultExecutorFactory$StoppableExecutorImpl$1.run()V+18
j  java.util.concurrent.ThreadPoolExecutor.runWorker(Ljava/util/concurrent/ThreadPoolExecutor$Worker;)V+95
j  java.util.concurrent.ThreadPoolExecutor$Worker.run()V+5
j  java.lang.Thread.run()V+11
v  ~StubRoutines::call_stub
V  [libjvm.dylib+0x2d4442]  JavaCalls::call_helper(JavaValue*, methodHandle*, JavaCallArguments*, Thread*)+0x6ae
V  [libjvm.dylib+0x2d4bd0]  JavaCalls::call_virtual(JavaValue*, KlassHandle, Symbol*, Symbol*, JavaCallArguments*, Thread*)+0x164
V  [libjvm.dylib+0x2d4d7c]  JavaCalls::call_virtual(JavaValue*, Handle, KlassHandle, Symbol*, Symbol*, Thread*)+0x4a
V  [libjvm.dylib+0x32576f]  thread_entry(JavaThread*, Thread*)+0x7c
V  [libjvm.dylib+0x5360cf]  JavaThread::thread_main_inner()+0x9b
V  [libjvm.dylib+0x53780c]  JavaThread::run()+0x1c2
V  [libjvm.dylib+0x45d772]  java_start(Thread*)+0xf6
C  [libsystem_pthread.dylib+0x405a]  _pthread_body+0x83
C  [libsystem_pthread.dylib+0x3fd7]  _pthread_body+0x0
C  [libsystem_pthread.dylib+0x13ed]  thread_start+0xd
C  0x0000000000000000

Java frames: (J=compiled Java code, j=interpreted, Vv=VM code)
j  sun.net.www.MimeTable.getContentTypeFor(Ljava/lang/String;)Ljava/lang/String;+2
j  java.net.URLConnection$1.getContentTypeFor(Ljava/lang/String;)Ljava/lang/String;+5
j  sun.net.www.protocol.file.FileURLConnection.initializeHeaders()V+72
j  sun.net.www.protocol.file.FileURLConnection.getHeaderField(Ljava/lang/String;)Ljava/lang/String;+1
j  sun.net.www.URLConnection.getContentType()Ljava/lang/String;+11
j  org.gradle.internal.resource.UriResource.getInputStream(Ljava/net/URI;)Ljava/io/Reader;+22
j  org.gradle.internal.resource.UriResource.getText()Ljava/lang/String;+46
j  org.gradle.configuration.ImportsScriptSource$ImportsResource.getText()Ljava/lang/String;+4
j  org.gradle.internal.resource.CachingResource.maybeFetch()V+12
j  org.gradle.internal.resource.CachingResource.getText()Ljava/lang/String;+1
j  org.gradle.groovy.scripts.internal.ShortCircuitEmptyScriptCompiler.compile(Lorg/gradle/groovy/scripts/ScriptSource;Ljava/lang/ClassLoader;Lorg/gradle/groovy/scripts/Transformer;Ljava/lang/Class;Lorg/codehaus/groovy/classgen/Verifier;)Ljava/lang/Class;+6
j  org.gradle.groovy.scripts.internal.CachingScriptClassCompiler.compile(Lorg/gradle/groovy/scripts/ScriptSource;Ljava/lang/ClassLoader;Lorg/gradle/groovy/scripts/Transformer;Ljava/lang/Class;Lorg/codehaus/groovy/classgen/Verifier;)Ljava/lang/Class;+71
j  org.gradle.groovy.scripts.DefaultScriptCompilerFactory$ScriptCompilerImpl.compile(Ljava/lang/Class;)Lorg/gradle/groovy/scripts/ScriptRunner;+24
j  org.gradle.configuration.DefaultScriptPluginFactory$ScriptPluginImpl.apply(Ljava/lang/Object;)V+257
j  org.gradle.configuration.DefaultInitScriptProcessor.process(Lorg/gradle/groovy/scripts/ScriptSource;Lorg/gradle/api/internal/GradleInternal;)V+55
j  org.gradle.initialization.InitScriptHandler.executeScripts(Lorg/gradle/api/internal/GradleInternal;)V+49
j  org.gradle.initialization.DefaultGradleLauncher.doBuildStages(Lorg/gradle/initialization/DefaultGradleLauncher$Stage;)V+8
j  org.gradle.initialization.DefaultGradleLauncher.doBuild(Lorg/gradle/initialization/DefaultGradleLauncher$Stage;)Lorg/gradle/BuildResult;+27
j  org.gradle.initialization.DefaultGradleLauncher.run()Lorg/gradle/BuildResult;+4
j  org.gradle.launcher.exec.InProcessBuildActionExecuter$DefaultBuildController.run()Lorg/gradle/api/internal/GradleInternal;+5
j  org.gradle.tooling.internal.provider.BuildModelAction.run(Lorg/gradle/initialization/BuildController;)Lorg/gradle/tooling/internal/provider/BuildActionResult;+15
j  org.gradle.tooling.internal.provider.BuildModelAction.run(Lorg/gradle/initialization/BuildController;)Ljava/lang/Object;+2
j  org.gradle.tooling.internal.provider.ConfiguringBuildAction.run(Lorg/gradle/initialization/BuildController;)Ljava/lang/Object;+15
j  org.gradle.launcher.exec.InProcessBuildActionExecuter.execute(Lorg/gradle/initialization/BuildAction;Lorg/gradle/initialization/BuildCancellationToken;Lorg/gradle/launcher/exec/BuildActionParameters;)Ljava/lang/Object;+19
j  org.gradle.launcher.exec.InProcessBuildActionExecuter.execute(Lorg/gradle/initialization/BuildAction;Lorg/gradle/initialization/BuildCancellationToken;Ljava/lang/Object;)Ljava/lang/Object;+7
j  org.gradle.launcher.daemon.server.exec.ExecuteBuild.doBuild(Lorg/gradle/launcher/daemon/server/exec/DaemonCommandExecution;Lorg/gradle/launcher/daemon/protocol/Build;)V+47
j  org.gradle.launcher.daemon.server.exec.BuildCommandOnly.execute(Lorg/gradle/launcher/daemon/server/exec/DaemonCommandExecution;)V+49
j  org.gradle.launcher.daemon.server.exec.DaemonCommandExecution.proceed()Z+28
j  org.gradle.launcher.daemon.server.exec.WatchForDisconnection.execute(Lorg/gradle/launcher/daemon/server/exec/DaemonCommandExecution;)V+19
j  org.gradle.launcher.daemon.server.exec.DaemonCommandExecution.proceed()Z+28
j  org.gradle.launcher.daemon.server.exec.ResetDeprecationLogger.execute(Lorg/gradle/launcher/daemon/server/exec/DaemonCommandExecution;)V+4
j  org.gradle.launcher.daemon.server.exec.DaemonCommandExecution.proceed()Z+28
j  org.gradle.launcher.daemon.server.exec.StartStopIfBuildAndStop.execute(Lorg/gradle/launcher/daemon/server/exec/DaemonCommandExecution;)V+34
j  org.gradle.launcher.daemon.server.exec.DaemonCommandExecution.proceed()Z+28
j  org.gradle.launcher.daemon.server.exec.ForwardClientInput$2.call()Ljava/lang/Void;+4
j  org.gradle.launcher.daemon.server.exec.ForwardClientInput$2.call()Ljava/lang/Object;+1
j  org.gradle.util.Swapper.swap(Ljava/lang/Object;Ljava/util/concurrent/Callable;)Ljava/lang/Object;+21
j  org.gradle.launcher.daemon.server.exec.ForwardClientInput.execute(Lorg/gradle/launcher/daemon/server/exec/DaemonCommandExecution;)V+63
j  org.gradle.launcher.daemon.server.exec.DaemonCommandExecution.proceed()Z+28
j  org.gradle.launcher.daemon.server.exec.LogToClient.doBuild(Lorg/gradle/launcher/daemon/server/exec/DaemonCommandExecution;Lorg/gradle/launcher/daemon/protocol/Build;)V+92
j  org.gradle.launcher.daemon.server.exec.BuildCommandOnly.execute(Lorg/gradle/launcher/daemon/server/exec/DaemonCommandExecution;)V+49
j  org.gradle.launcher.daemon.server.exec.DaemonCommandExecution.proceed()Z+28
j  org.gradle.launcher.daemon.server.exec.EstablishBuildEnvironment.doBuild(Lorg/gradle/launcher/daemon/server/exec/DaemonCommandExecution;Lorg/gradle/launcher/daemon/protocol/Build;)V+237
j  org.gradle.launcher.daemon.server.exec.BuildCommandOnly.execute(Lorg/gradle/launcher/daemon/server/exec/DaemonCommandExecution;)V+49
j  org.gradle.launcher.daemon.server.exec.DaemonCommandExecution.proceed()Z+28
j  org.gradle.launcher.daemon.server.exec.DaemonHygieneAction.execute(Lorg/gradle/launcher/daemon/server/exec/DaemonCommandExecution;)V+1
j  org.gradle.launcher.daemon.server.exec.DaemonCommandExecution.proceed()Z+28
j  org.gradle.launcher.daemon.server.exec.StartBuildOrRespondWithBusy$1.run()V+44
j  org.gradle.launcher.daemon.server.DaemonStateCoordinator$1.run()V+4
j  org.gradle.internal.concurrent.DefaultExecutorFactory$StoppableExecutorImpl$1.run()V+18
j  java.util.concurrent.ThreadPoolExecutor.runWorker(Ljava/util/concurrent/ThreadPoolExecutor$Worker;)V+95
j  java.util.concurrent.ThreadPoolExecutor$Worker.run()V+5
j  java.lang.Thread.run()V+11
v  ~StubRoutines::call_stub

---------------  P R O C E S S  ---------------

Java Threads: ( => current thread )
  0x00007fbf53589800 JavaThread "Stdin handler" [_thread_blocked, id=12839, stack(0x000000012935d000,0x000000012945d000)]
=>0x00007fbf548db800 JavaThread "Daemon worker Thread 8" [_thread_in_vm, id=20255, stack(0x0000000128ff3000,0x00000001290f3000)]
  0x00007fbf5404b800 JavaThread "Cancel handler" [_thread_blocked, id=22319, stack(0x0000000128ef0000,0x0000000128ff0000)]
  0x00007fbf5092e800 JavaThread "Handler for socket connection from /127.0.0.1:56280 to /127.0.0.1:57604" [_thread_in_native, id=21279, stack(0x0000000128ded000,0x0000000128eed000)]
  0x00007fbf50a14000 JavaThread "Daemon Thread 8" [_thread_blocked, id=19743, stack(0x0000000127b9b000,0x0000000127c9b000)]
  0x00007fbf535dd800 JavaThread "File lock request listener" [_thread_in_native, id=22787, stack(0x000000012acd1000,0x000000012add1000)]
  0x00007fbf50b45000 JavaThread "Incoming local TCP Connector on port 56280" [_thread_in_native, id=19203, stack(0x0000000127a98000,0x0000000127b98000)]
  0x00007fbf5085a000 JavaThread "Service Thread" daemon [_thread_blocked, id=18179, stack(0x0000000127152000,0x0000000127252000)]
  0x00007fbf51823000 JavaThread "C1 CompilerThread2" daemon [_thread_blocked, id=17667, stack(0x000000012704f000,0x000000012714f000)]
  0x00007fbf51820800 JavaThread "C2 CompilerThread1" daemon [_thread_blocked, id=17155, stack(0x0000000126f4c000,0x000000012704c000)]
  0x00007fbf51821000 JavaThread "C2 CompilerThread0" daemon [_thread_blocked, id=16643, stack(0x0000000126e49000,0x0000000126f49000)]
  0x00007fbf5181f800 JavaThread "Signal Dispatcher" daemon [_thread_blocked, id=13331, stack(0x0000000126d46000,0x0000000126e46000)]
  0x00007fbf51814800 JavaThread "Finalizer" daemon [_thread_blocked, id=11523, stack(0x0000000125329000,0x0000000125429000)]
  0x00007fbf51814000 JavaThread "Reference Handler" daemon [_thread_blocked, id=11011, stack(0x0000000125226000,0x0000000125326000)]
  0x00007fbf51806000 JavaThread "main" [_thread_blocked, id=4867, stack(0x0000000110099000,0x0000000110199000)]

Other Threads:
  0x00007fbf50830000 VMThread [stack: 0x0000000125123000,0x0000000125223000] [id=10499]
  0x00007fbf5085a800 WatcherThread [stack: 0x0000000127255000,0x0000000127355000] [id=18691]

VM state:not at safepoint (normal execution)

VM Mutex/Monitor currently owned by a thread: None

Heap:
 PSYoungGen      total 300544K, used 9181K [0x00000007aab00000, 0x00000007c0000000, 0x00000007c0000000)
  eden space 260096K, 3% used [0x00000007aab00000,0x00000007ab3f76e0,0x00000007ba900000)
  from space 40448K, 0% used [0x00000007ba900000,0x00000007ba900000,0x00000007bd080000)
  to   space 40448K, 0% used [0x00000007bd880000,0x00000007bd880000,0x00000007c0000000)
 ParOldGen       total 197632K, used 61980K [0x0000000780000000, 0x000000078c100000, 0x00000007aab00000)
  object space 197632K, 31% used [0x0000000780000000,0x0000000783c87160,0x000000078c100000)
 Metaspace       used 67108K, capacity 69806K, committed 95232K, reserved 1128448K
  class space    used 9002K, capacity 9899K, committed 15360K, reserved 1048576K

Card table byte_map: [0x0000000120cdf000,0x0000000120ee0000] byte_map_base: 0x000000011d0df000

Marking Bits: (ParMarkBitMap*) 0x000000011129e410
 Begin Bits: [0x0000000121442000, 0x0000000122442000)
 End Bits:   [0x0000000122442000, 0x0000000123442000)

Polling page: 0x00000001101dd000

CodeCache: size=245760Kb used=31454Kb max_used=32012Kb free=214305Kb
 bounds [0x000000011191f000, 0x00000001138df000, 0x000000012091f000]
 total_blobs=10264 nmethods=9572 adapters=604
 compilation: enabled

Compilation events (10 events):
Event: 4200.802 Thread 0x00007fbf51821000 nmethod 13104 0x0000000112102ed0 code [0x0000000112103020, 0x0000000112103158]
Event: 4200.802 Thread 0x00007fbf51820800 nmethod 13100 0x0000000113279e10 code [0x000000011327a000, 0x000000011327a828]
Event: 4200.802 Thread 0x00007fbf51823000 13103       3       ch.qos.logback.classic.Logger::info (15 bytes)
Event: 4200.803 Thread 0x00007fbf51823000 nmethod 13103 0x00000001127361d0 code [0x0000000112736340, 0x0000000112736508]
Event: 4200.807 Thread 0x00007fbf51823000 13105       3       java.io.UnixFileSystem::parentOrNull (118 bytes)
Event: 4200.808 Thread 0x00007fbf51823000 nmethod 13105 0x0000000112277910 code [0x0000000112277b00, 0x0000000112278568]
Event: 4200.813 Thread 0x00007fbf51823000 13106 %     3       org.gradle.internal.service.DefaultServiceRegistry$OwnServices::getFactory @ 19 (260 bytes)
Event: 4200.815 Thread 0x00007fbf51823000 nmethod 13106% 0x0000000112d74390 code [0x0000000112d74740, 0x0000000112d767e8]
Event: 4200.819 Thread 0x00007fbf51823000 13109       3       java.io.Writer::<init> (22 bytes)
Event: 4200.820 Thread 0x00007fbf51823000 nmethod 13109 0x00000001121fa2d0 code [0x00000001121fa440, 0x00000001121fa6e8]

GC Heap History (10 events):
Event: 3295.027 GC heap before
{Heap before GC invocations=26 (full 7):
 PSYoungGen      total 292352K, used 101412K [0x00000007aab00000, 0x00000007bf900000, 0x00000007c0000000)
  eden space 262144K, 27% used [0x00000007aab00000,0x00000007af1fbf10,0x00000007bab00000)
  from space 30208K, 95% used [0x00000007bdb80000,0x00000007bf78d180,0x00000007bf900000)
  to   space 39936K, 0% used [0x00000007bab00000,0x00000007bab00000,0x00000007bd200000)
 ParOldGen       total 197632K, used 84704K [0x0000000780000000, 0x000000078c100000, 0x00000007aab00000)
  object space 197632K, 42% used [0x0000000780000000,0x00000007852b8298,0x000000078c100000)
 Metaspace       used 92579K, capacity 98308K, committed 99328K, reserved 1132544K
  class space    used 13009K, capacity 15028K, committed 15360K, reserved 1048576K
Event: 3295.044 GC heap after
Heap after GC invocations=26 (full 7):
 PSYoungGen      total 274944K, used 12394K [0x00000007aab00000, 0x00000007bf600000, 0x00000007c0000000)
  eden space 262144K, 0% used [0x00000007aab00000,0x00000007aab00000,0x00000007bab00000)
  from space 12800K, 96% used [0x00000007bab00000,0x00000007bb71aaa0,0x00000007bb780000)
  to   space 38400K, 0% used [0x00000007bd080000,0x00000007bd080000,0x00000007bf600000)
 ParOldGen       total 197632K, used 84712K [0x0000000780000000, 0x000000078c100000, 0x00000007aab00000)
  object space 197632K, 42% used [0x0000000780000000,0x00000007852ba298,0x000000078c100000)
 Metaspace       used 92579K, capacity 98308K, committed 99328K, reserved 1132544K
  class space    used 13009K, capacity 15028K, committed 15360K, reserved 1048576K
}
Event: 3295.044 GC heap before
{Heap before GC invocations=27 (full 8):
 PSYoungGen      total 274944K, used 12394K [0x00000007aab00000, 0x00000007bf600000, 0x00000007c0000000)
  eden space 262144K, 0% used [0x00000007aab00000,0x00000007aab00000,0x00000007bab00000)
  from space 12800K, 96% used [0x00000007bab00000,0x00000007bb71aaa0,0x00000007bb780000)
  to   space 38400K, 0% used [0x00000007bd080000,0x00000007bd080000,0x00000007bf600000)
 ParOldGen       total 197632K, used 84712K [0x0000000780000000, 0x000000078c100000, 0x00000007aab00000)
  object space 197632K, 42% used [0x0000000780000000,0x00000007852ba298,0x000000078c100000)
 Metaspace       used 92579K, capacity 98308K, committed 99328K, reserved 1132544K
  class space    used 13009K, capacity 15028K, committed 15360K, reserved 1048576K
Event: 3295.511 GC heap after
Heap after GC invocations=27 (full 8):
 PSYoungGen      total 274944K, used 0K [0x00000007aab00000, 0x00000007bf600000, 0x00000007c0000000)
  eden space 262144K, 0% used [0x00000007aab00000,0x00000007aab00000,0x00000007bab00000)
  from space 12800K, 0% used [0x00000007bab00000,0x00000007bab00000,0x00000007bb780000)
  to   space 38400K, 0% used [0x00000007bd080000,0x00000007bd080000,0x00000007bf600000)
 ParOldGen       total 197632K, used 62540K [0x0000000780000000, 0x000000078c100000, 0x00000007aab00000)
  object space 197632K, 31% used [0x0000000780000000,0x0000000783d13050,0x000000078c100000)
 Metaspace       used 58352K, capacity 59912K, committed 95232K, reserved 1128448K
  class space    used 7628K, capacity 8100K, committed 15360K, reserved 1048576K
}
Event: 3477.740 GC heap before
{Heap before GC invocations=28 (full 8):
 PSYoungGen      total 274944K, used 262144K [0x00000007aab00000, 0x00000007bf600000, 0x00000007c0000000)
  eden space 262144K, 100% used [0x00000007aab00000,0x00000007bab00000,0x00000007bab00000)
  from space 12800K, 0% used [0x00000007bab00000,0x00000007bab00000,0x00000007bb780000)
  to   space 38400K, 0% used [0x00000007bd080000,0x00000007bd080000,0x00000007bf600000)
 ParOldGen       total 197632K, used 62540K [0x0000000780000000, 0x000000078c100000, 0x00000007aab00000)
  object space 197632K, 31% used [0x0000000780000000,0x0000000783d13050,0x000000078c100000)
 Metaspace       used 65299K, capacity 67812K, committed 95232K, reserved 1128448K
  class space    used 8696K, capacity 9581K, committed 15360K, reserved 1048576K
Event: 3477.813 GC heap after
Heap after GC invocations=28 (full 8):
 PSYoungGen      total 298496K, used 27222K [0x00000007aab00000, 0x00000007c0000000, 0x00000007c0000000)
  eden space 260096K, 0% used [0x00000007aab00000,0x00000007aab00000,0x00000007ba900000)
  from space 38400K, 70% used [0x00000007bd080000,0x00000007beb15830,0x00000007bf600000)
  to   space 40448K, 0% used [0x00000007ba900000,0x00000007ba900000,0x00000007bd080000)
 ParOldGen       total 197632K, used 62540K [0x0000000780000000, 0x000000078c100000, 0x00000007aab00000)
  object space 197632K, 31% used [0x0000000780000000,0x0000000783d13050,0x000000078c100000)
 Metaspace       used 65299K, capacity 67812K, committed 95232K, reserved 1128448K
  class space    used 8696K, capacity 9581K, committed 15360K, reserved 1048576K
}
Event: 3486.425 GC heap before
{Heap before GC invocations=29 (full 8):
 PSYoungGen      total 298496K, used 151920K [0x00000007aab00000, 0x00000007c0000000, 0x00000007c0000000)
  eden space 260096K, 47% used [0x00000007aab00000,0x00000007b24c6970,0x00000007ba900000)
  from space 38400K, 70% used [0x00000007bd080000,0x00000007beb15830,0x00000007bf600000)
  to   space 40448K, 0% used [0x00000007ba900000,0x00000007ba900000,0x00000007bd080000)
 ParOldGen       total 197632K, used 62540K [0x0000000780000000, 0x000000078c100000, 0x00000007aab00000)
  object space 197632K, 31% used [0x0000000780000000,0x0000000783d13050,0x000000078c100000)
 Metaspace       used 67156K, capacity 70028K, committed 95232K, reserved 1128448K
  class space    used 9016K, capacity 9966K, committed 15360K, reserved 1048576K
Event: 3486.450 GC heap after
Heap after GC invocations=29 (full 8):
 PSYoungGen      total 300544K, used 24668K [0x00000007aab00000, 0x00000007c0000000, 0x00000007c0000000)
  eden space 260096K, 0% used [0x00000007aab00000,0x00000007aab00000,0x00000007ba900000)
  from space 40448K, 60% used [0x00000007ba900000,0x00000007bc117358,0x00000007bd080000)
  to   space 40448K, 0% used [0x00000007bd880000,0x00000007bd880000,0x00000007c0000000)
 ParOldGen       total 197632K, used 62548K [0x0000000780000000, 0x000000078c100000, 0x00000007aab00000)
  object space 197632K, 31% used [0x0000000780000000,0x0000000783d15050,0x000000078c100000)
 Metaspace       used 67156K, capacity 70028K, committed 95232K, reserved 1128448K
  class space    used 9016K, capacity 9966K, committed 15360K, reserved 1048576K
}
Event: 3486.450 GC heap before
{Heap before GC invocations=30 (full 9):
 PSYoungGen      total 300544K, used 24668K [0x00000007aab00000, 0x00000007c0000000, 0x00000007c0000000)
  eden space 260096K, 0% used [0x00000007aab00000,0x00000007aab00000,0x00000007ba900000)
  from space 40448K, 60% used [0x00000007ba900000,0x00000007bc117358,0x00000007bd080000)
  to   space 40448K, 0% used [0x00000007bd880000,0x00000007bd880000,0x00000007c0000000)
 ParOldGen       total 197632K, used 62548K [0x0000000780000000, 0x000000078c100000, 0x00000007aab00000)
  object space 197632K, 31% used [0x0000000780000000,0x0000000783d15050,0x000000078c100000)
 Metaspace       used 67156K, capacity 70028K, committed 95232K, reserved 1128448K
  class space    used 9016K, capacity 9966K, committed 15360K, reserved 1048576K
Event: 3486.964 GC heap after
Heap after GC invocations=30 (full 9):
 PSYoungGen      total 300544K, used 0K [0x00000007aab00000, 0x00000007c0000000, 0x00000007c0000000)
  eden space 260096K, 0% used [0x00000007aab00000,0x00000007aab00000,0x00000007ba900000)
  from space 40448K, 0% used [0x00000007ba900000,0x00000007ba900000,0x00000007bd080000)
  to   space 40448K, 0% used [0x00000007bd880000,0x00000007bd880000,0x00000007c0000000)
 ParOldGen       total 197632K, used 61980K [0x0000000780000000, 0x000000078c100000, 0x00000007aab00000)
  object space 197632K, 31% used [0x0000000780000000,0x0000000783c87160,0x000000078c100000)
 Metaspace       used 67087K, capacity 69800K, committed 95232K, reserved 1128448K
  class space    used 9001K, capacity 9898K, committed 15360K, reserved 1048576K
}

Deoptimization events (10 events):
Event: 3475.229 Thread 0x00007fbf556c9800 Uncommon trap: reason=unreached action=reinterpret pc=0x00000001124c75d0 method=org.codehaus.groovy.util.LazyReference.get()Ljava/lang/Object; @ 33
Event: 3475.599 Thread 0x00007fbf556c9800 Uncommon trap: reason=null_check action=make_not_entrant pc=0x0000000113505abc method=java.lang.Class.reflectionData()Ljava/lang/Class$ReflectionData; @ 24
Event: 3475.645 Thread 0x00007fbf556c9800 Uncommon trap: reason=unloaded action=reinterpret pc=0x00000001122766a0 method=sun.net.www.ParseUtil.decode(Ljava/lang/String;)Ljava/lang/String; @ 20
Event: 3475.713 Thread 0x00007fbf556c9800 Uncommon trap: reason=unreached action=reinterpret pc=0x0000000111ae5770 method=org.codehaus.groovy.util.LazyReference.get()Ljava/lang/Object; @ 33
Event: 3476.882 Thread 0x00007fbf556c9800 Uncommon trap: reason=predicate action=maybe_recompile pc=0x0000000111b2a06c method=java.util.TimSort.binarySort([Ljava/lang/Object;IIILjava/util/Comparator;)V @ 37
Event: 3477.030 Thread 0x00007fbf556c9800 Uncommon trap: reason=null_check action=make_not_entrant pc=0x000000011291c558 method=java.beans.Introspector.isAssignable(Ljava/lang/Class;Ljava/lang/Class;)Z @ 23
Event: 3477.070 Thread 0x00007fbf556c9800 Uncommon trap: reason=null_check action=make_not_entrant pc=0x0000000113640f68 method=java.beans.Introspector.isAssignable(Ljava/lang/Class;Ljava/lang/Class;)Z @ 23
Event: 3478.391 Thread 0x00007fbf556c9800 Uncommon trap: reason=unreached action=reinterpret pc=0x0000000113879290 method=java.util.RegularEnumSet.contains(Ljava/lang/Object;)Z @ 16
Event: 3478.406 Thread 0x00007fbf556c9800 Uncommon trap: reason=unreached action=reinterpret pc=0x00000001136dceec method=com.sun.tools.javac.parser.JavacParser.prec(Lcom/sun/tools/javac/parser/Tokens$TokenKind;)I @ 9
Event: 3478.504 Thread 0x00007fbf556c9800 Uncommon trap: reason=unreached action=reinterpret pc=0x0000000113876afc method=com.sun.tools.javac.code.Types$19.visitClassType(Lcom/sun/tools/javac/code/Type$ClassType;Ljava/lang/Void;)Lcom/sun/tools/javac/util/List; @ 22

Internal exceptions (10 events):
Event: 3486.403 Thread 0x00007fbf556c9800 Exception <a 'java/lang/ClassNotFoundException': com/google/common/collect/MapsCustomizer> (0x00000007b1d3f138) thrown at [/Users/java_re/workspace/8-2-build-macosx-x86_64/jdk8u31/2394/hotspot/src/share/vm/classfile/systemDictionary.cpp, line 202]
Event: 3486.974 Thread 0x00007fbf53589800 Exception <a 'java/security/PrivilegedActionException'> (0x00000007aab96258) thrown at [/Users/java_re/workspace/8-2-build-macosx-x86_64/jdk8u31/2394/hotspot/src/share/vm/prims/jvm.cpp, line 1312]
Event: 3486.974 Thread 0x00007fbf53589800 Exception <a 'java/security/PrivilegedActionException'> (0x00000007aab96d18) thrown at [/Users/java_re/workspace/8-2-build-macosx-x86_64/jdk8u31/2394/hotspot/src/share/vm/prims/jvm.cpp, line 1312]
Event: 3486.974 Thread 0x00007fbf53589800 Exception <a 'java/security/PrivilegedActionException'> (0x00000007aab989b8) thrown at [/Users/java_re/workspace/8-2-build-macosx-x86_64/jdk8u31/2394/hotspot/src/share/vm/prims/jvm.cpp, line 1312]
Event: 4200.782 Thread 0x00007fbf5092e800 Exception <a 'java/security/PrivilegedActionException'> (0x00000007aad3edf8) thrown at [/Users/java_re/workspace/8-2-build-macosx-x86_64/jdk8u31/2394/hotspot/src/share/vm/prims/jvm.cpp, line 1312]
Event: 4200.782 Thread 0x00007fbf5092e800 Exception <a 'java/security/PrivilegedActionException'> (0x00000007aad3f7c8) thrown at [/Users/java_re/workspace/8-2-build-macosx-x86_64/jdk8u31/2394/hotspot/src/share/vm/prims/jvm.cpp, line 1312]
Event: 4200.782 Thread 0x00007fbf5092e800 Exception <a 'java/security/PrivilegedActionException'> (0x00000007aad436f8) thrown at [/Users/java_re/workspace/8-2-build-macosx-x86_64/jdk8u31/2394/hotspot/src/share/vm/prims/jvm.cpp, line 1312]
Event: 4200.788 Thread 0x00007fbf50a14000 Exception <a 'java/security/PrivilegedActionException'> (0x00000007aac8e100) thrown at [/Users/java_re/workspace/8-2-build-macosx-x86_64/jdk8u31/2394/hotspot/src/share/vm/prims/jvm.cpp, line 1312]
Event: 4200.788 Thread 0x00007fbf50a14000 Exception <a 'java/security/PrivilegedActionException'> (0x00000007aac8ebc0) thrown at [/Users/java_re/workspace/8-2-build-macosx-x86_64/jdk8u31/2394/hotspot/src/share/vm/prims/jvm.cpp, line 1312]
Event: 4200.789 Thread 0x00007fbf50a14000 Exception <a 'java/security/PrivilegedActionException'> (0x00000007aac90860) thrown at [/Users/java_re/workspace/8-2-build-macosx-x86_64/jdk8u31/2394/hotspot/src/share/vm/prims/jvm.cpp, line 1312]

Events (10 events):
Event: 4200.792 Executing VM operation: RevokeBias done
Event: 4200.792 Executing VM operation: RevokeBias
Event: 4200.792 Executing VM operation: RevokeBias done
Event: 4200.794 Thread 0x00007fbf53589800 Thread added: 0x00007fbf53589800
Event: 4200.794 Thread 0x00007fbf51823000 flushing nmethod 0x0000000112853650
Event: 4200.795 Thread 0x00007fbf51823000 flushing nmethod 0x00000001128cf110
Event: 4200.807 Thread 0x00007fbf51823000 flushing nmethod 0x0000000112cc7b50
Event: 4200.810 Thread 0x00007fbf51823000 flushing nmethod 0x0000000112da8350
Event: 4200.817 Thread 0x00007fbf51823000 flushing nmethod 0x0000000112fedad0
Event: 4200.820 Thread 0x00007fbf51823000 flushing nmethod 0x000000011318f410


Dynamic libraries:
0x000000000d664000 	/System/Library/Frameworks/Cocoa.framework/Versions/A/Cocoa
0x000000000d664000 	/System/Library/Frameworks/Security.framework/Versions/A/Security
0x000000000d664000 	/System/Library/Frameworks/ApplicationServices.framework/Versions/A/ApplicationServices
0x000000000d664000 	/usr/lib/libz.1.dylib
0x000000000d664000 	/usr/lib/libSystem.B.dylib
0x000000000d664000 	/usr/lib/libobjc.A.dylib
0x000000000d664000 	/System/Library/Frameworks/CoreFoundation.framework/Versions/A/CoreFoundation
0x000000000d664000 	/System/Library/Frameworks/Foundation.framework/Versions/C/Foundation
0x000000000d664000 	/System/Library/Frameworks/AppKit.framework/Versions/C/AppKit
0x000000000d664000 	/System/Library/Frameworks/CoreData.framework/Versions/A/CoreData
0x000000000d664000 	/System/Library/PrivateFrameworks/RemoteViewServices.framework/Versions/A/RemoteViewServices
0x000000000d664000 	/System/Library/PrivateFrameworks/UIFoundation.framework/Versions/A/UIFoundation
0x000000000d664000 	/System/Library/Frameworks/IOSurface.framework/Versions/A/IOSurface
0x000000000d664000 	/System/Library/Frameworks/AudioToolbox.framework/Versions/A/AudioToolbox
0x000000000d664000 	/System/Library/Frameworks/AudioUnit.framework/Versions/A/AudioUnit
0x000000000d664000 	/System/Library/PrivateFrameworks/DataDetectorsCore.framework/Versions/A/DataDetectorsCore
0x000000000d664000 	/System/Library/PrivateFrameworks/DesktopServicesPriv.framework/Versions/A/DesktopServicesPriv
0x000000000d664000 	/System/Library/Frameworks/Carbon.framework/Versions/A/Frameworks/HIToolbox.framework/Versions/A/HIToolbox
0x000000000d664000 	/System/Library/Frameworks/QuartzCore.framework/Versions/A/QuartzCore
0x000000000d664000 	/System/Library/Frameworks/Carbon.framework/Versions/A/Frameworks/SpeechRecognition.framework/Versions/A/SpeechRecognition
0x000000000d664000 	/usr/lib/libauto.dylib
0x000000000d664000 	/usr/lib/libicucore.A.dylib
0x000000000d664000 	/usr/lib/libxml2.2.dylib
0x000000000d664000 	/System/Library/PrivateFrameworks/CoreUI.framework/Versions/A/CoreUI
0x000000000d664000 	/System/Library/Frameworks/CoreAudio.framework/Versions/A/CoreAudio
0x000000000d664000 	/System/Library/Frameworks/DiskArbitration.framework/Versions/A/DiskArbitration
0x000000000d664000 	/usr/lib/liblangid.dylib
0x000000000d664000 	/System/Library/PrivateFrameworks/MultitouchSupport.framework/Versions/A/MultitouchSupport
0x000000000d664000 	/System/Library/Frameworks/IOKit.framework/Versions/A/IOKit
0x000000000d664000 	/usr/lib/libDiagnosticMessagesClient.dylib
0x000000000d664000 	/System/Library/Frameworks/CoreServices.framework/Versions/A/CoreServices
0x000000000d664000 	/System/Library/PrivateFrameworks/PerformanceAnalysis.framework/Versions/A/PerformanceAnalysis
0x000000000d664000 	/System/Library/PrivateFrameworks/GenerationalStorage.framework/Versions/A/GenerationalStorage
0x000000000d664000 	/System/Library/Frameworks/OpenGL.framework/Versions/A/OpenGL
0x000000000d664000 	/System/Library/PrivateFrameworks/Sharing.framework/Versions/A/Sharing
0x000000000d664000 	/System/Library/Frameworks/CoreGraphics.framework/Versions/A/CoreGraphics
0x000000000d664000 	/System/Library/Frameworks/CoreText.framework/Versions/A/CoreText
0x000000000d664000 	/System/Library/Frameworks/ImageIO.framework/Versions/A/ImageIO
0x000000000d664000 	/usr/lib/libextension.dylib
0x000000000d664000 	/System/Library/PrivateFrameworks/Backup.framework/Versions/A/Backup
0x000000000d664000 	/usr/lib/libarchive.2.dylib
0x000000000d664000 	/System/Library/Frameworks/CFNetwork.framework/Versions/A/CFNetwork
0x000000000d664000 	/System/Library/Frameworks/SystemConfiguration.framework/Versions/A/SystemConfiguration
0x000000000d664000 	/usr/lib/libCRFSuite.dylib
0x000000000d664000 	/usr/lib/libc++.1.dylib
0x000000000d664000 	/usr/lib/libc++abi.dylib
0x000000000d664000 	/usr/lib/system/libcache.dylib
0x000000000d664000 	/usr/lib/system/libcommonCrypto.dylib
0x000000000d664000 	/usr/lib/system/libcompiler_rt.dylib
0x000000000d664000 	/usr/lib/system/libcopyfile.dylib
0x000000000d664000 	/usr/lib/system/libcorecrypto.dylib
0x000000000d664000 	/usr/lib/system/libdispatch.dylib
0x000000000d664000 	/usr/lib/system/libdyld.dylib
0x000000000d664000 	/usr/lib/system/libkeymgr.dylib
0x000000000d664000 	/usr/lib/system/liblaunch.dylib
0x000000000d664000 	/usr/lib/system/libmacho.dylib
0x000000000d664000 	/usr/lib/system/libquarantine.dylib
0x000000000d664000 	/usr/lib/system/libremovefile.dylib
0x000000000d664000 	/usr/lib/system/libsystem_asl.dylib
0x000000000d664000 	/usr/lib/system/libsystem_blocks.dylib
0x000000000d664000 	/usr/lib/system/libsystem_c.dylib
0x000000000d664000 	/usr/lib/system/libsystem_configuration.dylib
0x000000000d664000 	/usr/lib/system/libsystem_coreservices.dylib
0x000000000d664000 	/usr/lib/system/libsystem_coretls.dylib
0x000000000d664000 	/usr/lib/system/libsystem_dnssd.dylib
0x000000000d664000 	/usr/lib/system/libsystem_info.dylib
0x000000000d664000 	/usr/lib/system/libsystem_kernel.dylib
0x000000000d664000 	/usr/lib/system/libsystem_m.dylib
0x000000000d664000 	/usr/lib/system/libsystem_malloc.dylib
0x000000000d664000 	/usr/lib/system/libsystem_network.dylib
0x000000000d664000 	/usr/lib/system/libsystem_networkextension.dylib
0x000000000d664000 	/usr/lib/system/libsystem_notify.dylib
0x000000000d664000 	/usr/lib/system/libsystem_platform.dylib
0x000000000d664000 	/usr/lib/system/libsystem_pthread.dylib
0x000000000d664000 	/usr/lib/system/libsystem_sandbox.dylib
0x000000000d664000 	/usr/lib/system/libsystem_secinit.dylib
0x000000000d664000 	/usr/lib/system/libsystem_stats.dylib
0x000000000d664000 	/usr/lib/system/libsystem_trace.dylib
0x000000000d664000 	/usr/lib/system/libunc.dylib
0x000000000d664000 	/usr/lib/system/libunwind.dylib
0x000000000d664000 	/usr/lib/system/libxpc.dylib
0x000000000d664000 	/usr/lib/libbz2.1.0.dylib
0x000000000d664000 	/usr/lib/liblzma.5.dylib
0x000000000d664000 	/usr/lib/libbsm.0.dylib
0x000000000d664000 	/usr/lib/libsqlite3.dylib
0x000000000d664000 	/usr/lib/system/libkxld.dylib
0x000000000d664000 	/usr/lib/libxar.1.dylib
0x000000000d664000 	/usr/lib/libpam.2.dylib
0x000000000d664000 	/usr/lib/libOpenScriptingUtil.dylib
0x000000000d664000 	/System/Library/Frameworks/CoreServices.framework/Versions/A/Frameworks/FSEvents.framework/Versions/A/FSEvents
0x000000000d664000 	/System/Library/Frameworks/CoreServices.framework/Versions/A/Frameworks/CarbonCore.framework/Versions/A/CarbonCore
0x000000000d664000 	/System/Library/Frameworks/CoreServices.framework/Versions/A/Frameworks/Metadata.framework/Versions/A/Metadata
0x000000000d664000 	/System/Library/Frameworks/CoreServices.framework/Versions/A/Frameworks/OSServices.framework/Versions/A/OSServices
0x000000000d664000 	/System/Library/Frameworks/CoreServices.framework/Versions/A/Frameworks/SearchKit.framework/Versions/A/SearchKit
0x000000000d664000 	/System/Library/Frameworks/CoreServices.framework/Versions/A/Frameworks/AE.framework/Versions/A/AE
0x000000000d664000 	/System/Library/Frameworks/CoreServices.framework/Versions/A/Frameworks/LaunchServices.framework/Versions/A/LaunchServices
0x000000000d664000 	/System/Library/Frameworks/CoreServices.framework/Versions/A/Frameworks/DictionaryServices.framework/Versions/A/DictionaryServices
0x000000000d664000 	/System/Library/Frameworks/NetFS.framework/Versions/A/NetFS
0x000000000d664000 	/System/Library/PrivateFrameworks/NetAuth.framework/Versions/A/NetAuth
0x000000000d664000 	/System/Library/PrivateFrameworks/login.framework/Versions/A/Frameworks/loginsupport.framework/Versions/A/loginsupport
0x000000000d664000 	/System/Library/PrivateFrameworks/TCC.framework/Versions/A/TCC
0x000000000d664000 	/usr/lib/libmecabra.dylib
0x000000000d664000 	/System/Library/Frameworks/ApplicationServices.framework/Versions/A/Frameworks/ATS.framework/Versions/A/ATS
0x000000000d664000 	/System/Library/Frameworks/ApplicationServices.framework/Versions/A/Frameworks/ColorSync.framework/Versions/A/ColorSync
0x000000000d664000 	/System/Library/Frameworks/ApplicationServices.framework/Versions/A/Frameworks/HIServices.framework/Versions/A/HIServices
0x000000000d664000 	/System/Library/Frameworks/ApplicationServices.framework/Versions/A/Frameworks/LangAnalysis.framework/Versions/A/LangAnalysis
0x000000000d664000 	/System/Library/Frameworks/ApplicationServices.framework/Versions/A/Frameworks/PrintCore.framework/Versions/A/PrintCore
0x000000000d664000 	/System/Library/Frameworks/ApplicationServices.framework/Versions/A/Frameworks/QD.framework/Versions/A/QD
0x000000000d664000 	/System/Library/Frameworks/ApplicationServices.framework/Versions/A/Frameworks/SpeechSynthesis.framework/Versions/A/SpeechSynthesis
0x000000000d664000 	/System/Library/Frameworks/Accelerate.framework/Versions/A/Accelerate
0x000000000d664000 	/System/Library/Frameworks/Accelerate.framework/Versions/A/Frameworks/vImage.framework/Versions/A/vImage
0x000000000d664000 	/System/Library/Frameworks/Accelerate.framework/Versions/A/Frameworks/vecLib.framework/Versions/A/vecLib
0x000000000d664000 	/System/Library/Frameworks/Accelerate.framework/Versions/A/Frameworks/vecLib.framework/Versions/A/libvDSP.dylib
0x000000000d664000 	/System/Library/Frameworks/Accelerate.framework/Versions/A/Frameworks/vecLib.framework/Versions/A/libvMisc.dylib
0x000000000d664000 	/System/Library/Frameworks/Accelerate.framework/Versions/A/Frameworks/vecLib.framework/Versions/A/libLAPACK.dylib
0x000000000d664000 	/System/Library/Frameworks/Accelerate.framework/Versions/A/Frameworks/vecLib.framework/Versions/A/libBLAS.dylib
0x000000000d664000 	/System/Library/Frameworks/Accelerate.framework/Versions/A/Frameworks/vecLib.framework/Versions/A/libLinearAlgebra.dylib
0x000000000d664000 	/System/Library/Frameworks/ApplicationServices.framework/Versions/A/Frameworks/ATS.framework/Versions/A/Resources/libFontParser.dylib
0x000000000d664000 	/System/Library/Frameworks/ApplicationServices.framework/Versions/A/Frameworks/ATS.framework/Versions/A/Resources/libFontRegistry.dylib
0x000000000d664000 	/System/Library/PrivateFrameworks/AppleVPA.framework/Versions/A/AppleVPA
0x000000000d664000 	/System/Library/PrivateFrameworks/AppleJPEG.framework/Versions/A/AppleJPEG
0x000000000d664000 	/System/Library/Frameworks/ImageIO.framework/Versions/A/Resources/libJPEG.dylib
0x000000000d664000 	/System/Library/Frameworks/ImageIO.framework/Versions/A/Resources/libTIFF.dylib
0x000000000d664000 	/System/Library/Frameworks/ImageIO.framework/Versions/A/Resources/libPng.dylib
0x000000000d664000 	/System/Library/Frameworks/ImageIO.framework/Versions/A/Resources/libGIF.dylib
0x000000000d664000 	/System/Library/Frameworks/ImageIO.framework/Versions/A/Resources/libJP2.dylib
0x000000000d664000 	/System/Library/Frameworks/ImageIO.framework/Versions/A/Resources/libRadiance.dylib
0x000000000d664000 	/System/Library/Frameworks/CoreVideo.framework/Versions/A/CoreVideo
0x000000000d664000 	/System/Library/Frameworks/OpenGL.framework/Versions/A/Libraries/libGLU.dylib
0x000000000d664000 	/System/Library/Frameworks/OpenGL.framework/Versions/A/Libraries/libGFXShared.dylib
0x000000000d664000 	/System/Library/Frameworks/OpenGL.framework/Versions/A/Libraries/libGL.dylib
0x000000000d664000 	/System/Library/Frameworks/OpenGL.framework/Versions/A/Libraries/libGLImage.dylib
0x000000000d664000 	/System/Library/Frameworks/OpenGL.framework/Versions/A/Libraries/libCVMSPluginSupport.dylib
0x000000000d664000 	/System/Library/Frameworks/OpenGL.framework/Versions/A/Libraries/libCoreVMClient.dylib
0x000000000d664000 	/usr/lib/libcups.2.dylib
0x000000000d664000 	/System/Library/Frameworks/Kerberos.framework/Versions/A/Kerberos
0x000000000d664000 	/System/Library/Frameworks/GSS.framework/Versions/A/GSS
0x000000000d664000 	/usr/lib/libresolv.9.dylib
0x000000000d664000 	/usr/lib/libiconv.2.dylib
0x000000000d664000 	/System/Library/PrivateFrameworks/Heimdal.framework/Versions/A/Heimdal
0x000000000d664000 	/usr/lib/libheimdal-asn1.dylib
0x000000000d664000 	/System/Library/Frameworks/OpenDirectory.framework/Versions/A/OpenDirectory
0x000000000d664000 	/System/Library/PrivateFrameworks/CommonAuth.framework/Versions/A/CommonAuth
0x000000000d664000 	/System/Library/Frameworks/OpenDirectory.framework/Versions/A/Frameworks/CFOpenDirectory.framework/Versions/A/CFOpenDirectory
0x000000000d664000 	/System/Library/Frameworks/SecurityFoundation.framework/Versions/A/SecurityFoundation
0x000000000d664000 	/System/Library/PrivateFrameworks/LanguageModeling.framework/Versions/A/LanguageModeling
0x000000000d664000 	/usr/lib/libcmph.dylib
0x000000000d664000 	/System/Library/Frameworks/ServiceManagement.framework/Versions/A/ServiceManagement
0x000000000d664000 	/usr/lib/libxslt.1.dylib
0x000000000d664000 	/System/Library/Frameworks/Carbon.framework/Versions/A/Frameworks/Ink.framework/Versions/A/Ink
0x000000000d664000 	/System/Library/Frameworks/QuartzCore.framework/Versions/A/Frameworks/CoreImage.framework/Versions/A/CoreImage
0x000000000d664000 	/System/Library/PrivateFrameworks/CrashReporterSupport.framework/Versions/A/CrashReporterSupport
0x000000000d664000 	/System/Library/Frameworks/OpenCL.framework/Versions/A/OpenCL
0x000000000d664000 	/System/Library/PrivateFrameworks/FaceCore.framework/Versions/A/FaceCore
0x000000000d664000 	/System/Library/PrivateFrameworks/Ubiquity.framework/Versions/A/Ubiquity
0x000000000d664000 	/System/Library/PrivateFrameworks/IconServices.framework/Versions/A/IconServices
0x000000000d664000 	/System/Library/PrivateFrameworks/ChunkingLibrary.framework/Versions/A/ChunkingLibrary
0x000000000d664000 	/System/Library/PrivateFrameworks/Apple80211.framework/Versions/A/Apple80211
0x000000000d664000 	/System/Library/Frameworks/CoreWLAN.framework/Versions/A/CoreWLAN
0x000000000d664000 	/System/Library/Frameworks/IOBluetooth.framework/Versions/A/IOBluetooth
0x000000000d664000 	/System/Library/PrivateFrameworks/CoreWiFi.framework/Versions/A/CoreWiFi
0x000000000d664000 	/System/Library/Frameworks/CoreBluetooth.framework/Versions/A/CoreBluetooth
0x000000000d664000 	/System/Library/PrivateFrameworks/DebugSymbols.framework/Versions/A/DebugSymbols
0x000000000d664000 	/System/Library/PrivateFrameworks/CoreSymbolication.framework/Versions/A/CoreSymbolication
0x000000000d664000 	/System/Library/PrivateFrameworks/Symbolication.framework/Versions/A/Symbolication
0x000000000d664000 	/System/Library/PrivateFrameworks/SpeechRecognitionCore.framework/Versions/A/SpeechRecognitionCore
0x0000000110a00000 	/Library/Java/JavaVirtualMachines/jdk1.8.0_31.jdk/Contents/Home/jre/lib/server/libjvm.dylib
0x000000000d664000 	/usr/lib/libstdc++.6.dylib
0x000000011019b000 	/Library/Java/JavaVirtualMachines/jdk1.8.0_31.jdk/Contents/Home/jre/lib/libverify.dylib
0x00000001101a9000 	/Library/Java/JavaVirtualMachines/jdk1.8.0_31.jdk/Contents/Home/jre/lib/libjava.dylib
0x00000001101e7000 	/Library/Java/JavaVirtualMachines/jdk1.8.0_31.jdk/Contents/Home/jre/lib/libzip.dylib
0x000000012542b000 	/System/Library/Frameworks/JavaVM.framework/Frameworks/JavaRuntimeSupport.framework/JavaRuntimeSupport
0x0000000125443000 	/System/Library/Frameworks/JavaVM.framework/Versions/A/Frameworks/JavaNativeFoundation.framework/Versions/A/JavaNativeFoundation
0x00000001101f1000 	/System/Library/Frameworks/JavaVM.framework/Versions/A/JavaVM
0x000000000d664000 	/System/Library/Frameworks/Carbon.framework/Versions/A/Carbon
0x0000000125458000 	/System/Library/PrivateFrameworks/JavaLaunching.framework/Versions/A/JavaLaunching
0x000000000d664000 	/System/Library/Frameworks/Carbon.framework/Versions/A/Frameworks/CommonPanels.framework/Versions/A/CommonPanels
0x000000000d664000 	/System/Library/Frameworks/Carbon.framework/Versions/A/Frameworks/Help.framework/Versions/A/Help
0x000000000d664000 	/System/Library/Frameworks/Carbon.framework/Versions/A/Frameworks/ImageCapture.framework/Versions/A/ImageCapture
0x000000000d664000 	/System/Library/Frameworks/Carbon.framework/Versions/A/Frameworks/OpenScripting.framework/Versions/A/OpenScripting
0x000000000d664000 	/System/Library/Frameworks/Carbon.framework/Versions/A/Frameworks/Print.framework/Versions/A/Print
0x000000000d664000 	/System/Library/Frameworks/Carbon.framework/Versions/A/Frameworks/SecurityHI.framework/Versions/A/SecurityHI
0x0000000127a6b000 	/private/var/folders/vc/y108ch9d0996s6j22tc7lj080000gn/T/native-platform8463732718448287584dir/libnative-platform.dylib
0x0000000127a70000 	/Library/Java/JavaVirtualMachines/jdk1.8.0_31.jdk/Contents/Home/jre/lib/libnet.dylib
0x0000000127a87000 	/Library/Java/JavaVirtualMachines/jdk1.8.0_31.jdk/Contents/Home/jre/lib/libnio.dylib
0x000000012757a000 	/Library/Java/JavaVirtualMachines/jdk1.8.0_31.jdk/Contents/Home/jre/lib/libmanagement.dylib

VM Arguments:
jvm_args: -XX:MaxPermSize=256m -XX:+HeapDumpOnOutOfMemoryError -Xmx1024m -Dfile.encoding=UTF-8 -Duser.country=US -Duser.language=en -Duser.variant 
java_command: org.gradle.launcher.daemon.bootstrap.GradleDaemon 2.2.1 /Users/lavalake/.gradle/daemon 10800000 44192b96-ca76-41a5-9720-ee21aec691bb -XX:MaxPermSize=256m -XX:+HeapDumpOnOutOfMemoryError -Xmx1024m -Dfile.encoding=UTF-8 -Duser.country=US -Duser.language=en -Duser.variant
java_class_path (initial): /Users/lavalake/.gradle/wrapper/dists/gradle-2.2.1-all/c64ydeuardnfqctvr1gm30w53/gradle-2.2.1/lib/gradle-launcher-2.2.1.jar
Launcher Type: SUN_STANDARD

Environment Variables:
PATH=/usr/bin:/bin:/usr/sbin:/sbin
SHELL=/bin/zsh
DISPLAY=/private/tmp/com.apple.launchd.3oBMHRju3T/org.macosforge.xquartz:0

Signal Handlers:
SIGSEGV: [libjvm.dylib+0x57a0e7], sa_mask[0]=11111111011111110111111111111111, sa_flags=SA_ONSTACK|SA_RESTART|SA_SIGINFO
SIGBUS: [libjvm.dylib+0x57a0e7], sa_mask[0]=11111111011111110111111111111111, sa_flags=SA_RESTART|SA_SIGINFO
SIGFPE: [libjvm.dylib+0x45af24], sa_mask[0]=11111111011111110111111111111111, sa_flags=SA_RESTART|SA_SIGINFO
SIGPIPE: [libjvm.dylib+0x45af24], sa_mask[0]=11111111011111110111111111111111, sa_flags=SA_RESTART|SA_SIGINFO
SIGXFSZ: [libjvm.dylib+0x45af24], sa_mask[0]=11111111011111110111111111111111, sa_flags=SA_RESTART|SA_SIGINFO
SIGILL: [libjvm.dylib+0x45af24], sa_mask[0]=11111111011111110111111111111111, sa_flags=SA_RESTART|SA_SIGINFO
SIGUSR1: SIG_DFL, sa_mask[0]=00000000000000000000000000000000, sa_flags=none
SIGUSR2: [libjvm.dylib+0x45aa42], sa_mask[0]=00100000000000000000000000000000, sa_flags=SA_RESTART|SA_SIGINFO
SIGHUP: [libjvm.dylib+0x459015], sa_mask[0]=11111111011111110111111111111111, sa_flags=SA_RESTART|SA_SIGINFO
SIGINT: [libjvm.dylib+0x459015], sa_mask[0]=11111111011111110111111111111111, sa_flags=SA_RESTART|SA_SIGINFO
SIGTERM: [libjvm.dylib+0x459015], sa_mask[0]=11111111011111110111111111111111, sa_flags=SA_RESTART|SA_SIGINFO
SIGQUIT: [libjvm.dylib+0x459015], sa_mask[0]=11111111011111110111111111111111, sa_flags=SA_RESTART|SA_SIGINFO


---------------  S Y S T E M  ---------------

OS:Bsduname:Darwin 14.5.0 Darwin Kernel Version 14.5.0: Wed Jul 29 02:26:53 PDT 2015; root:xnu-2782.40.9~1/RELEASE_X86_64 x86_64
rlimit: STACK 8192k, CORE 0k, NPROC 709, NOFILE 10240, AS infinity
load average:2.73 2.54 2.43

CPU:total 4 (2 cores per cpu, 2 threads per core) family 6 model 58 stepping 9, cmov, cx8, fxsr, mmx, sse, sse2, sse3, ssse3, sse4.1, sse4.2, popcnt, avx, aes, clmul, erms, ht, tsc, tscinvbit, tscinv

Memory: 4k page, physical 8388608k(33356k free)

/proc/meminfo:


vm_info: Java HotSpot(TM) 64-Bit Server VM (25.31-b07) for bsd-amd64 JRE (1.8.0_31-b13), built on Dec 17 2014 20:45:36 by "java_re" with gcc 4.2.1 (Based on Apple Inc. build 5658) (LLVM build 2336.11.00)

time: Sat Dec  5 14:32:56 2015
elapsed time: 4200 seconds (0d 1h 10m 0s)

